bin\Debug\Pitufo01.pdb
C:\USERS\EDUARDO\DOCUMENTS\VISUAL STUDIO 2010\PROJECTS\USB\GRAFICASII\PITUFO01\PITUFO01\BIN\DEBUG\PITUFO01.EXE
C:\USERS\EDUARDO\DOCUMENTS\VISUAL STUDIO 2010\PROJECTS\USB\GRAFICASII\PITUFO01\PITUFO01\BIN\DEBUG\PITUFO01.ILK
C:\USERS\EDUARDO\DOCUMENTS\VISUAL STUDIO 2010\PROJECTS\USB\GRAFICASII\PITUFO01\PITUFO01\BIN\DEBUG\PITUFO01.PDB
C:\USERS\EDUARDO\DOCUMENTS\VISUAL STUDIO 2010\PROJECTS\USB\GRAFICASII\PITUFO01\PITUFO01\OBJ\DEBUG\MAINPITUFO01.OBJ
C:\USERS\EDUARDO\DOCUMENTS\VISUAL STUDIO 2010\PROJECTS\USB\GRAFICASII\PITUFO01\PITUFO01\OBJ\DEBUG\PITUFO01.EXE.EMBED.MANIFEST
C:\USERS\EDUARDO\DOCUMENTS\VISUAL STUDIO 2010\PROJECTS\USB\GRAFICASII\PITUFO01\PITUFO01\OBJ\DEBUG\PITUFO01.EXE.EMBED.MANIFEST.RES
C:\USERS\EDUARDO\DOCUMENTS\VISUAL STUDIO 2010\PROJECTS\USB\GRAFICASII\PITUFO01\PITUFO01\OBJ\DEBUG\PITUFO01.EXE.INTERMEDIATE.MANIFEST
C:\USERS\EDUARDO\DOCUMENTS\VISUAL STUDIO 2010\PROJECTS\USB\GRAFICASII\PITUFO01\PITUFO01\OBJ\DEBUG\VC100.PDB
C:\Users\Karen Troiano\Documents\GitHub\GraficasII\Practicas\Semana6\Pitufo01\obj\Debug\cl.command.1.tlog
C:\Users\Karen Troiano\Documents\GitHub\GraficasII\Practicas\Semana6\Pitufo01\obj\Debug\CL.read.1.tlog
C:\Users\Karen Troiano\Documents\GitHub\GraficasII\Practicas\Semana6\Pitufo01\obj\Debug\CL.write.1.tlog
C:\Users\Karen Troiano\Documents\GitHub\GraficasII\Practicas\Semana6\Pitufo01\obj\Debug\link.6744.read.1.tlog
C:\Users\Karen Troiano\Documents\GitHub\GraficasII\Practicas\Semana6\Pitufo01\obj\Debug\link.6744.write.1.tlog
C:\Users\Karen Troiano\Documents\GitHub\GraficasII\Practicas\Semana6\Pitufo01\obj\Debug\link.6744-cvtres.read.1.tlog
C:\Users\Karen Troiano\Documents\GitHub\GraficasII\Practicas\Semana6\Pitufo01\obj\Debug\link.6744-cvtres.write.1.tlog
C:\Users\Karen Troiano\Documents\GitHub\GraficasII\Practicas\Semana6\Pitufo01\obj\Debug\link.command.1.tlog
C:\Users\Karen Troiano\Documents\GitHub\GraficasII\Practicas\Semana6\Pitufo01\obj\Debug\link.read.1.tlog
C:\Users\Karen Troiano\Documents\GitHub\GraficasII\Practicas\Semana6\Pitufo01\obj\Debug\link.write.1.tlog
C:\Users\Karen Troiano\Documents\GitHub\GraficasII\Practicas\Semana6\Pitufo01\obj\Debug\link-cvtres.read.1.tlog
C:\Users\Karen Troiano\Documents\GitHub\GraficasII\Practicas\Semana6\Pitufo01\obj\Debug\link-cvtres.write.1.tlog
C:\USERS\KAREN TROIANO\DOCUMENTS\GITHUB\GRAFICASII\PRACTICAS\SEMANA6\PITUFO01\OBJ\DEBUG\MAINPITUFO01.OBJ
C:\Users\Karen Troiano\Documents\GitHub\GraficasII\Practicas\Semana6\Pitufo01\obj\Debug\mt.command.1.tlog
C:\Users\Karen Troiano\Documents\GitHub\GraficasII\Practicas\Semana6\Pitufo01\obj\Debug\mt.read.1.tlog
C:\Users\Karen Troiano\Documents\GitHub\GraficasII\Practicas\Semana6\Pitufo01\obj\Debug\mt.write.1.tlog
C:\Users\Karen Troiano\Documents\GitHub\GraficasII\Practicas\Semana6\Pitufo01\obj\Debug\Pitufo01.exe.embed.manifest
C:\USERS\KAREN TROIANO\DOCUMENTS\GITHUB\GRAFICASII\PRACTICAS\SEMANA6\PITUFO01\OBJ\DEBUG\PITUFO01.EXE.EMBED.MANIFEST.RES
C:\Users\Karen Troiano\Documents\GitHub\GraficasII\Practicas\Semana6\Pitufo01\obj\Debug\Pitufo01.exe.intermediate.manifest
C:\Users\Karen Troiano\Documents\GitHub\GraficasII\Practicas\Semana6\Pitufo01\obj\Debug\Pitufo01.vcxprojResolveAssemblyReference.cache
C:\Users\Karen Troiano\Documents\GitHub\GraficasII\Practicas\Semana6\Pitufo01\obj\Debug\Pitufo01.write.1.tlog
C:\Users\Karen Troiano\Documents\GitHub\GraficasII\Practicas\Semana6\Pitufo01\obj\Debug\Pitufo01_manifest.rc
C:\Users\Karen Troiano\Documents\GitHub\GraficasII\Practicas\Semana6\Pitufo01\obj\Debug\rc.command.1.tlog
C:\Users\Karen Troiano\Documents\GitHub\GraficasII\Practicas\Semana6\Pitufo01\obj\Debug\rc.read.1.tlog
C:\Users\Karen Troiano\Documents\GitHub\GraficasII\Practicas\Semana6\Pitufo01\obj\Debug\rc.write.1.tlog
C:\Users\Karen Troiano\Documents\GitHub\GraficasII\Practicas\Semana6\Pitufo01\obj\Debug\vc100.idb
C:\USERS\KAREN TROIANO\DOCUMENTS\GITHUB\GRAFICASII\PRACTICAS\SEMANA6\PITUFO01\OBJ\DEBUG\VC100.PDB
